2024-05-16 13:00:51,349 INFO o.a.j.u.JMeterUtils: Setting Locale to en_IN
2024-05-16 13:00:51,381 INFO o.a.j.JMeter: Loading user properties from: user.properties
2024-05-16 13:00:51,381 INFO o.a.j.JMeter: Loading system properties from: system.properties
2024-05-16 13:00:51,389 INFO o.a.j.JMeter: Copyright (c) 1998-2024 The Apache Software Foundation
2024-05-16 13:00:51,389 INFO o.a.j.JMeter: Version 5.6.3
2024-05-16 13:00:51,389 INFO o.a.j.JMeter: java.version=19
2024-05-16 13:00:51,389 INFO o.a.j.JMeter: java.vm.name=Java HotSpot(TM) 64-Bit Server VM
2024-05-16 13:00:51,389 INFO o.a.j.JMeter: os.name=Windows 11
2024-05-16 13:00:51,389 INFO o.a.j.JMeter: os.arch=amd64
2024-05-16 13:00:51,389 INFO o.a.j.JMeter: os.version=10.0
2024-05-16 13:00:51,389 INFO o.a.j.JMeter: file.encoding=UTF-8
2024-05-16 13:00:51,389 INFO o.a.j.JMeter: java.awt.headless=null
2024-05-16 13:00:51,389 INFO o.a.j.JMeter: Max memory     =2080374784
2024-05-16 13:00:51,389 INFO o.a.j.JMeter: Available Processors =4
2024-05-16 13:00:51,398 INFO o.a.j.JMeter: Default Locale=English (India)
2024-05-16 13:00:51,398 INFO o.a.j.JMeter: JMeter  Locale=English (India)
2024-05-16 13:00:51,398 INFO o.a.j.JMeter: JMeterHome=C:\Users\Administrator\Documents\apache-jmeter-5.6.3
2024-05-16 13:00:51,398 INFO o.a.j.JMeter: user.dir  =C:\Users\Administrator\Documents\apache-jmeter-5.6.3\bin
2024-05-16 13:00:51,398 INFO o.a.j.JMeter: PWD       =C:\Users\Administrator\Documents\apache-jmeter-5.6.3\bin
2024-05-16 13:00:51,414 INFO o.a.j.JMeter: IP: 192.168.20.113 Name: DCCPL0634 FullName: host.docker.internal
2024-05-16 13:00:51,434 INFO o.a.j.JMeter: Loaded icon properties from org/apache/jmeter/images/icon.properties
2024-05-16 13:00:51,737 INFO o.a.j.JMeterGuiLauncher: Setting LAF to: com.github.weisj.darklaf.DarkLaf:com.github.weisj.darklaf.theme.DarculaTheme
2024-05-16 13:00:53,295 INFO o.a.j.r.ClassFinder: Will scan jar C:\Users\Administrator\Documents\apache-jmeter-5.6.3\lib\ext\jmeter-plugins-casutg-2.10.jar with filter ExtendsClassFilter [parents=[interface org.apache.jmeter.gui.action.Command], inner=false, contains=null, notContains=null]. Consider exposing JMeter plugins via META-INF/services, and add JMeter-Skip-Class-Scanning=true manifest attribute so JMeter can skip classfile scanning
2024-05-16 13:00:53,321 INFO o.a.j.r.ClassFinder: Will scan jar C:\Users\Administrator\Documents\apache-jmeter-5.6.3\lib\ext\jmeter-plugins-manager-1.10.jar with filter ExtendsClassFilter [parents=[interface org.apache.jmeter.gui.action.Command], inner=false, contains=null, notContains=null]. Consider exposing JMeter plugins via META-INF/services, and add JMeter-Skip-Class-Scanning=true manifest attribute so JMeter can skip classfile scanning
2024-05-16 13:00:53,566 INFO o.a.j.r.ClassFinder: Will scan jar C:\Users\Administrator\Documents\apache-jmeter-5.6.3\lib\ext\jmeter-plugins-casutg-2.10.jar with filter ExtendsClassFilter [parents=[interface org.apache.jmeter.gui.plugin.MenuCreator], inner=false, contains=null, notContains=null]. Consider exposing JMeter plugins via META-INF/services, and add JMeter-Skip-Class-Scanning=true manifest attribute so JMeter can skip classfile scanning
2024-05-16 13:00:53,566 INFO o.a.j.r.ClassFinder: Will scan jar C:\Users\Administrator\Documents\apache-jmeter-5.6.3\lib\ext\jmeter-plugins-manager-1.10.jar with filter ExtendsClassFilter [parents=[interface org.apache.jmeter.gui.plugin.MenuCreator], inner=false, contains=null, notContains=null]. Consider exposing JMeter plugins via META-INF/services, and add JMeter-Skip-Class-Scanning=true manifest attribute so JMeter can skip classfile scanning
2024-05-16 13:00:54,785 INFO o.j.r.JARSourceHTTP: Found cached repo
2024-05-16 13:00:55,088 INFO o.j.r.PluginManager: Plugins Status: [jpgc-casutg=2.10, jpgc-plugins-manager=1.10, jmeter-core=5.6.3, jmeter-ftp=5.6.3, jmeter-http=5.6.3, jmeter-jdbc=5.6.3, jmeter-jms=5.6.3, jmeter-junit=5.6.3, jmeter-java=5.6.3, jmeter-ldap=5.6.3, jmeter-mail=5.6.3, jmeter-mongodb=5.6.3, jmeter-native=5.6.3, jmeter-tcp=5.6.3, jmeter-components=5.6.3]
2024-05-16 13:01:16,011 INFO o.a.j.s.FileServer: Default base='C:\Users\Administrator\Documents\apache-jmeter-5.6.3\bin'
2024-05-16 13:01:16,017 INFO o.a.j.g.a.Load: Loading file: C:\Users\Administrator\Documents\apache-jmeter-5.6.3\bin\apiLoadTesting.jmx
2024-05-16 13:01:16,018 INFO o.a.j.s.FileServer: Set new base='C:\Users\Administrator\Documents\apache-jmeter-5.6.3\bin'
2024-05-16 13:01:16,327 INFO o.a.j.s.SaveService: Testplan (JMX) version: 2.2. Testlog (JTL) version: 2.2
2024-05-16 13:01:16,329 INFO o.a.j.s.SaveService: Using SaveService properties version 5.0
2024-05-16 13:01:16,336 INFO o.a.j.s.SaveService: Using SaveService properties file encoding UTF-8
2024-05-16 13:01:16,339 INFO o.a.j.s.SaveService: Loading file: C:\Users\Administrator\Documents\apache-jmeter-5.6.3\bin\apiLoadTesting.jmx
2024-05-16 13:01:16,462 INFO o.a.j.p.h.s.HTTPSamplerBase: Parser for text/html is org.apache.jmeter.protocol.http.parser.LagartoBasedHtmlParser
2024-05-16 13:01:16,462 INFO o.a.j.p.h.s.HTTPSamplerBase: Parser for application/xhtml+xml is org.apache.jmeter.protocol.http.parser.LagartoBasedHtmlParser
2024-05-16 13:01:16,462 INFO o.a.j.p.h.s.HTTPSamplerBase: Parser for application/xml is org.apache.jmeter.protocol.http.parser.LagartoBasedHtmlParser
2024-05-16 13:01:16,462 INFO o.a.j.p.h.s.HTTPSamplerBase: Parser for text/xml is org.apache.jmeter.protocol.http.parser.LagartoBasedHtmlParser
2024-05-16 13:01:16,462 INFO o.a.j.p.h.s.HTTPSamplerBase: Parser for text/vnd.wap.wml is org.apache.jmeter.protocol.http.parser.RegexpHTMLParser
2024-05-16 13:01:16,462 INFO o.a.j.p.h.s.HTTPSamplerBase: Parser for text/css is org.apache.jmeter.protocol.http.parser.CssParser
2024-05-16 13:01:16,722 INFO o.a.j.s.FileServer: Set new base='C:\Users\Administrator\Documents\apache-jmeter-5.6.3\bin'
2024-05-16 13:01:25,176 INFO o.a.j.e.StandardJMeterEngine: Running the test!
2024-05-16 13:01:25,180 INFO o.a.j.s.SampleEvent: List of sample_variables: []
2024-05-16 13:01:25,180 INFO o.a.j.s.SampleEvent: List of sample_variables: []
2024-05-16 13:01:25,180 INFO o.a.j.e.u.CompoundVariable: Note: Function class names must contain the string: '.functions.'
2024-05-16 13:01:25,180 INFO o.a.j.e.u.CompoundVariable: Note: Function class names must not contain the string: '.gui.'
2024-05-16 13:01:25,273 INFO o.a.j.r.ClassFinder: Will scan jar C:\Users\Administrator\Documents\apache-jmeter-5.6.3\lib\ext\jmeter-plugins-casutg-2.10.jar with filter ExtendsClassFilter [parents=[interface org.apache.jmeter.functions.Function], inner=false, contains=null, notContains=null]. Consider exposing JMeter plugins via META-INF/services, and add JMeter-Skip-Class-Scanning=true manifest attribute so JMeter can skip classfile scanning
2024-05-16 13:01:25,273 INFO o.a.j.r.ClassFinder: Will scan jar C:\Users\Administrator\Documents\apache-jmeter-5.6.3\lib\ext\jmeter-plugins-manager-1.10.jar with filter ExtendsClassFilter [parents=[interface org.apache.jmeter.functions.Function], inner=false, contains=null, notContains=null]. Consider exposing JMeter plugins via META-INF/services, and add JMeter-Skip-Class-Scanning=true manifest attribute so JMeter can skip classfile scanning
2024-05-16 13:01:25,273 INFO o.a.j.g.u.JMeterMenuBar: setRunning(true, *local*)
2024-05-16 13:01:25,386 INFO o.a.j.e.StandardJMeterEngine: Starting ThreadGroup: 1 : Thread Group
2024-05-16 13:01:25,386 INFO o.a.j.e.StandardJMeterEngine: Starting 25 threads for group Thread Group.
2024-05-16 13:01:25,387 INFO o.a.j.e.StandardJMeterEngine: Thread will continue on error
2024-05-16 13:01:25,387 INFO o.a.j.t.ThreadGroup: Starting thread group... number=1 threads=25 ramp-up=1 delayedStart=false
2024-05-16 13:01:25,391 INFO o.a.j.t.JMeterThread: Thread started: Thread Group 1-1
2024-05-16 13:01:25,396 INFO o.a.j.s.SampleResult: Note: Sample TimeStamps are START times
2024-05-16 13:01:25,397 INFO o.a.j.s.SampleResult: sampleresult.default.encoding is set to UTF-8
2024-05-16 13:01:25,397 INFO o.a.j.s.SampleResult: sampleresult.useNanoTime=true
2024-05-16 13:01:25,397 INFO o.a.j.s.SampleResult: sampleresult.nanoThreadSleep=5000
2024-05-16 13:01:25,405 INFO o.a.j.t.JMeterThread: Thread is done: Thread Group 1-1
2024-05-16 13:01:25,406 INFO o.a.j.t.JMeterThread: Thread finished: Thread Group 1-1
2024-05-16 13:01:25,433 INFO o.a.j.t.JMeterThread: Thread started: Thread Group 1-2
2024-05-16 13:01:25,434 INFO o.a.j.t.JMeterThread: Thread is done: Thread Group 1-2
2024-05-16 13:01:25,434 INFO o.a.j.t.JMeterThread: Thread finished: Thread Group 1-2
2024-05-16 13:01:25,469 INFO o.a.j.t.ThreadGroup: Started thread group number 1
2024-05-16 13:01:25,469 INFO o.a.j.e.StandardJMeterEngine: All thread groups have been started
2024-05-16 13:01:25,471 INFO o.a.j.t.JMeterThread: Thread started: Thread Group 1-3
2024-05-16 13:01:25,472 INFO o.a.j.t.JMeterThread: Thread is done: Thread Group 1-3
2024-05-16 13:01:25,472 INFO o.a.j.t.JMeterThread: Thread finished: Thread Group 1-3
2024-05-16 13:01:25,519 INFO o.a.j.t.JMeterThread: Thread started: Thread Group 1-4
2024-05-16 13:01:25,521 INFO o.a.j.t.JMeterThread: Thread is done: Thread Group 1-4
2024-05-16 13:01:25,521 INFO o.a.j.t.JMeterThread: Thread finished: Thread Group 1-4
2024-05-16 13:01:25,555 INFO o.a.j.t.JMeterThread: Thread started: Thread Group 1-5
2024-05-16 13:01:25,556 INFO o.a.j.t.JMeterThread: Thread is done: Thread Group 1-5
2024-05-16 13:01:25,556 INFO o.a.j.t.JMeterThread: Thread finished: Thread Group 1-5
2024-05-16 13:01:25,590 INFO o.a.j.t.JMeterThread: Thread started: Thread Group 1-6
2024-05-16 13:01:25,591 INFO o.a.j.t.JMeterThread: Thread is done: Thread Group 1-6
2024-05-16 13:01:25,591 INFO o.a.j.t.JMeterThread: Thread finished: Thread Group 1-6
2024-05-16 13:01:25,630 INFO o.a.j.t.JMeterThread: Thread started: Thread Group 1-7
2024-05-16 13:01:25,631 INFO o.a.j.t.JMeterThread: Thread is done: Thread Group 1-7
2024-05-16 13:01:25,631 INFO o.a.j.t.JMeterThread: Thread finished: Thread Group 1-7
2024-05-16 13:01:25,672 INFO o.a.j.t.JMeterThread: Thread started: Thread Group 1-8
2024-05-16 13:01:25,673 INFO o.a.j.t.JMeterThread: Thread is done: Thread Group 1-8
2024-05-16 13:01:25,674 INFO o.a.j.t.JMeterThread: Thread finished: Thread Group 1-8
2024-05-16 13:01:25,712 INFO o.a.j.t.JMeterThread: Thread started: Thread Group 1-9
2024-05-16 13:01:25,713 INFO o.a.j.t.JMeterThread: Thread is done: Thread Group 1-9
2024-05-16 13:01:25,713 INFO o.a.j.t.JMeterThread: Thread finished: Thread Group 1-9
2024-05-16 13:01:25,759 INFO o.a.j.t.JMeterThread: Thread started: Thread Group 1-10
2024-05-16 13:01:25,762 INFO o.a.j.t.JMeterThread: Thread is done: Thread Group 1-10
2024-05-16 13:01:25,763 INFO o.a.j.t.JMeterThread: Thread finished: Thread Group 1-10
2024-05-16 13:01:25,795 INFO o.a.j.t.JMeterThread: Thread started: Thread Group 1-11
2024-05-16 13:01:25,795 INFO o.a.j.t.JMeterThread: Thread is done: Thread Group 1-11
2024-05-16 13:01:25,796 INFO o.a.j.t.JMeterThread: Thread finished: Thread Group 1-11
2024-05-16 13:01:25,837 INFO o.a.j.t.JMeterThread: Thread started: Thread Group 1-12
2024-05-16 13:01:25,838 INFO o.a.j.t.JMeterThread: Thread is done: Thread Group 1-12
2024-05-16 13:01:25,838 INFO o.a.j.t.JMeterThread: Thread finished: Thread Group 1-12
2024-05-16 13:01:25,870 INFO o.a.j.t.JMeterThread: Thread started: Thread Group 1-13
2024-05-16 13:01:25,871 INFO o.a.j.t.JMeterThread: Thread is done: Thread Group 1-13
2024-05-16 13:01:25,871 INFO o.a.j.t.JMeterThread: Thread finished: Thread Group 1-13
2024-05-16 13:01:25,912 INFO o.a.j.t.JMeterThread: Thread started: Thread Group 1-14
2024-05-16 13:01:25,913 INFO o.a.j.t.JMeterThread: Thread is done: Thread Group 1-14
2024-05-16 13:01:25,913 INFO o.a.j.t.JMeterThread: Thread finished: Thread Group 1-14
2024-05-16 13:01:25,951 INFO o.a.j.t.JMeterThread: Thread started: Thread Group 1-15
2024-05-16 13:01:25,952 INFO o.a.j.t.JMeterThread: Thread is done: Thread Group 1-15
2024-05-16 13:01:25,952 INFO o.a.j.t.JMeterThread: Thread finished: Thread Group 1-15
2024-05-16 13:01:25,990 INFO o.a.j.t.JMeterThread: Thread started: Thread Group 1-16
2024-05-16 13:01:25,991 INFO o.a.j.t.JMeterThread: Thread is done: Thread Group 1-16
2024-05-16 13:01:25,992 INFO o.a.j.t.JMeterThread: Thread finished: Thread Group 1-16
2024-05-16 13:01:26,031 INFO o.a.j.t.JMeterThread: Thread started: Thread Group 1-17
2024-05-16 13:01:26,032 INFO o.a.j.t.JMeterThread: Thread is done: Thread Group 1-17
2024-05-16 13:01:26,032 INFO o.a.j.t.JMeterThread: Thread finished: Thread Group 1-17
2024-05-16 13:01:26,070 INFO o.a.j.t.JMeterThread: Thread started: Thread Group 1-18
2024-05-16 13:01:26,071 INFO o.a.j.t.JMeterThread: Thread is done: Thread Group 1-18
2024-05-16 13:01:26,071 INFO o.a.j.t.JMeterThread: Thread finished: Thread Group 1-18
2024-05-16 13:01:26,113 INFO o.a.j.t.JMeterThread: Thread started: Thread Group 1-19
2024-05-16 13:01:26,114 INFO o.a.j.t.JMeterThread: Thread is done: Thread Group 1-19
2024-05-16 13:01:26,114 INFO o.a.j.t.JMeterThread: Thread finished: Thread Group 1-19
2024-05-16 13:01:26,154 INFO o.a.j.t.JMeterThread: Thread started: Thread Group 1-20
2024-05-16 13:01:26,155 INFO o.a.j.t.JMeterThread: Thread is done: Thread Group 1-20
2024-05-16 13:01:26,155 INFO o.a.j.t.JMeterThread: Thread finished: Thread Group 1-20
2024-05-16 13:01:26,189 INFO o.a.j.t.JMeterThread: Thread started: Thread Group 1-21
2024-05-16 13:01:26,190 INFO o.a.j.t.JMeterThread: Thread is done: Thread Group 1-21
2024-05-16 13:01:26,190 INFO o.a.j.t.JMeterThread: Thread finished: Thread Group 1-21
2024-05-16 13:01:26,229 INFO o.a.j.t.JMeterThread: Thread started: Thread Group 1-22
2024-05-16 13:01:26,230 INFO o.a.j.t.JMeterThread: Thread is done: Thread Group 1-22
2024-05-16 13:01:26,230 INFO o.a.j.t.JMeterThread: Thread finished: Thread Group 1-22
2024-05-16 13:01:26,271 INFO o.a.j.t.JMeterThread: Thread started: Thread Group 1-23
2024-05-16 13:01:26,272 INFO o.a.j.t.JMeterThread: Thread is done: Thread Group 1-23
2024-05-16 13:01:26,272 INFO o.a.j.t.JMeterThread: Thread finished: Thread Group 1-23
2024-05-16 13:01:26,309 INFO o.a.j.t.JMeterThread: Thread started: Thread Group 1-24
2024-05-16 13:01:26,309 INFO o.a.j.t.JMeterThread: Thread is done: Thread Group 1-24
2024-05-16 13:01:26,309 INFO o.a.j.t.JMeterThread: Thread finished: Thread Group 1-24
2024-05-16 13:01:26,357 INFO o.a.j.t.JMeterThread: Thread started: Thread Group 1-25
2024-05-16 13:01:26,357 INFO o.a.j.t.JMeterThread: Thread is done: Thread Group 1-25
2024-05-16 13:01:26,359 INFO o.a.j.t.JMeterThread: Thread finished: Thread Group 1-25
2024-05-16 13:01:26,359 INFO o.a.j.e.StandardJMeterEngine: Notifying test listeners of end of test
2024-05-16 13:01:26,359 INFO o.a.j.g.u.JMeterMenuBar: setRunning(false, *local*)
2024-05-16 13:01:32,369 INFO o.a.j.e.StandardJMeterEngine: Running the test!
2024-05-16 13:01:32,375 INFO o.a.j.s.SampleEvent: List of sample_variables: []
2024-05-16 13:01:32,375 INFO o.a.j.g.u.JMeterMenuBar: setRunning(true, *local*)
2024-05-16 13:01:32,415 INFO o.a.j.e.StandardJMeterEngine: Starting ThreadGroup: 1 : Thread Group
2024-05-16 13:01:32,415 INFO o.a.j.e.StandardJMeterEngine: Starting 25 threads for group Thread Group.
2024-05-16 13:01:32,415 INFO o.a.j.e.StandardJMeterEngine: Thread will continue on error
2024-05-16 13:01:32,415 INFO o.a.j.t.ThreadGroup: Starting thread group... number=1 threads=25 ramp-up=1 delayedStart=false
2024-05-16 13:01:32,419 INFO o.a.j.t.JMeterThread: Thread started: Thread Group 1-1
2024-05-16 13:01:32,420 INFO o.a.j.t.JMeterThread: Thread is done: Thread Group 1-1
2024-05-16 13:01:32,420 INFO o.a.j.t.JMeterThread: Thread finished: Thread Group 1-1
2024-05-16 13:01:32,482 INFO o.a.j.t.JMeterThread: Thread started: Thread Group 1-2
2024-05-16 13:01:32,483 INFO o.a.j.t.JMeterThread: Thread is done: Thread Group 1-2
2024-05-16 13:01:32,483 INFO o.a.j.t.JMeterThread: Thread finished: Thread Group 1-2
2024-05-16 13:01:32,523 INFO o.a.j.t.ThreadGroup: Started thread group number 1
2024-05-16 13:01:32,523 INFO o.a.j.e.StandardJMeterEngine: All thread groups have been started
2024-05-16 13:01:32,529 INFO o.a.j.t.JMeterThread: Thread started: Thread Group 1-3
2024-05-16 13:01:32,530 INFO o.a.j.t.JMeterThread: Thread is done: Thread Group 1-3
2024-05-16 13:01:32,530 INFO o.a.j.t.JMeterThread: Thread finished: Thread Group 1-3
2024-05-16 13:01:32,566 INFO o.a.j.t.JMeterThread: Thread started: Thread Group 1-4
2024-05-16 13:01:32,566 INFO o.a.j.t.JMeterThread: Thread is done: Thread Group 1-4
2024-05-16 13:01:32,567 INFO o.a.j.t.JMeterThread: Thread finished: Thread Group 1-4
2024-05-16 13:01:32,581 INFO o.a.j.t.JMeterThread: Thread started: Thread Group 1-5
2024-05-16 13:01:32,581 INFO o.a.j.t.JMeterThread: Thread is done: Thread Group 1-5
2024-05-16 13:01:32,581 INFO o.a.j.t.JMeterThread: Thread finished: Thread Group 1-5
2024-05-16 13:01:32,619 INFO o.a.j.t.JMeterThread: Thread started: Thread Group 1-6
2024-05-16 13:01:32,620 INFO o.a.j.t.JMeterThread: Thread is done: Thread Group 1-6
2024-05-16 13:01:32,620 INFO o.a.j.t.JMeterThread: Thread finished: Thread Group 1-6
2024-05-16 13:01:32,657 INFO o.a.j.t.JMeterThread: Thread started: Thread Group 1-7
2024-05-16 13:01:32,658 INFO o.a.j.t.JMeterThread: Thread is done: Thread Group 1-7
2024-05-16 13:01:32,658 INFO o.a.j.t.JMeterThread: Thread finished: Thread Group 1-7
2024-05-16 13:01:32,697 INFO o.a.j.t.JMeterThread: Thread started: Thread Group 1-8
2024-05-16 13:01:32,698 INFO o.a.j.t.JMeterThread: Thread is done: Thread Group 1-8
2024-05-16 13:01:32,698 INFO o.a.j.t.JMeterThread: Thread finished: Thread Group 1-8
2024-05-16 13:01:32,737 INFO o.a.j.t.JMeterThread: Thread started: Thread Group 1-9
2024-05-16 13:01:32,738 INFO o.a.j.t.JMeterThread: Thread is done: Thread Group 1-9
2024-05-16 13:01:32,738 INFO o.a.j.t.JMeterThread: Thread finished: Thread Group 1-9
2024-05-16 13:01:32,777 INFO o.a.j.t.JMeterThread: Thread started: Thread Group 1-10
2024-05-16 13:01:32,778 INFO o.a.j.t.JMeterThread: Thread is done: Thread Group 1-10
2024-05-16 13:01:32,778 INFO o.a.j.t.JMeterThread: Thread finished: Thread Group 1-10
2024-05-16 13:01:32,817 INFO o.a.j.t.JMeterThread: Thread started: Thread Group 1-11
2024-05-16 13:01:32,818 INFO o.a.j.t.JMeterThread: Thread is done: Thread Group 1-11
2024-05-16 13:01:32,818 INFO o.a.j.t.JMeterThread: Thread finished: Thread Group 1-11
2024-05-16 13:01:32,860 INFO o.a.j.t.JMeterThread: Thread started: Thread Group 1-12
2024-05-16 13:01:32,861 INFO o.a.j.t.JMeterThread: Thread is done: Thread Group 1-12
2024-05-16 13:01:32,861 INFO o.a.j.t.JMeterThread: Thread finished: Thread Group 1-12
2024-05-16 13:01:32,900 INFO o.a.j.t.JMeterThread: Thread started: Thread Group 1-13
2024-05-16 13:01:32,901 INFO o.a.j.t.JMeterThread: Thread is done: Thread Group 1-13
2024-05-16 13:01:32,901 INFO o.a.j.t.JMeterThread: Thread finished: Thread Group 1-13
2024-05-16 13:01:32,939 INFO o.a.j.t.JMeterThread: Thread started: Thread Group 1-14
2024-05-16 13:01:32,940 INFO o.a.j.t.JMeterThread: Thread is done: Thread Group 1-14
2024-05-16 13:01:32,940 INFO o.a.j.t.JMeterThread: Thread finished: Thread Group 1-14
2024-05-16 13:01:32,979 INFO o.a.j.t.JMeterThread: Thread started: Thread Group 1-15
2024-05-16 13:01:32,980 INFO o.a.j.t.JMeterThread: Thread is done: Thread Group 1-15
2024-05-16 13:01:32,980 INFO o.a.j.t.JMeterThread: Thread finished: Thread Group 1-15
2024-05-16 13:01:33,017 INFO o.a.j.t.JMeterThread: Thread started: Thread Group 1-16
2024-05-16 13:01:33,018 INFO o.a.j.t.JMeterThread: Thread is done: Thread Group 1-16
2024-05-16 13:01:33,018 INFO o.a.j.t.JMeterThread: Thread finished: Thread Group 1-16
2024-05-16 13:01:33,059 INFO o.a.j.t.JMeterThread: Thread started: Thread Group 1-17
2024-05-16 13:01:33,060 INFO o.a.j.t.JMeterThread: Thread is done: Thread Group 1-17
2024-05-16 13:01:33,060 INFO o.a.j.t.JMeterThread: Thread finished: Thread Group 1-17
2024-05-16 13:01:33,099 INFO o.a.j.t.JMeterThread: Thread started: Thread Group 1-18
2024-05-16 13:01:33,100 INFO o.a.j.t.JMeterThread: Thread is done: Thread Group 1-18
2024-05-16 13:01:33,100 INFO o.a.j.t.JMeterThread: Thread finished: Thread Group 1-18
2024-05-16 13:01:33,137 INFO o.a.j.t.JMeterThread: Thread started: Thread Group 1-19
2024-05-16 13:01:33,138 INFO o.a.j.t.JMeterThread: Thread is done: Thread Group 1-19
2024-05-16 13:01:33,138 INFO o.a.j.t.JMeterThread: Thread finished: Thread Group 1-19
2024-05-16 13:01:33,178 INFO o.a.j.t.JMeterThread: Thread started: Thread Group 1-20
2024-05-16 13:01:33,179 INFO o.a.j.t.JMeterThread: Thread is done: Thread Group 1-20
2024-05-16 13:01:33,179 INFO o.a.j.t.JMeterThread: Thread finished: Thread Group 1-20
2024-05-16 13:01:33,219 INFO o.a.j.t.JMeterThread: Thread started: Thread Group 1-21
2024-05-16 13:01:33,220 INFO o.a.j.t.JMeterThread: Thread is done: Thread Group 1-21
2024-05-16 13:01:33,220 INFO o.a.j.t.JMeterThread: Thread finished: Thread Group 1-21
2024-05-16 13:01:33,257 INFO o.a.j.t.JMeterThread: Thread started: Thread Group 1-22
2024-05-16 13:01:33,258 INFO o.a.j.t.JMeterThread: Thread is done: Thread Group 1-22
2024-05-16 13:01:33,258 INFO o.a.j.t.JMeterThread: Thread finished: Thread Group 1-22
2024-05-16 13:01:33,296 INFO o.a.j.t.JMeterThread: Thread started: Thread Group 1-23
2024-05-16 13:01:33,297 INFO o.a.j.t.JMeterThread: Thread is done: Thread Group 1-23
2024-05-16 13:01:33,297 INFO o.a.j.t.JMeterThread: Thread finished: Thread Group 1-23
2024-05-16 13:01:33,339 INFO o.a.j.t.JMeterThread: Thread started: Thread Group 1-24
2024-05-16 13:01:33,340 INFO o.a.j.t.JMeterThread: Thread is done: Thread Group 1-24
2024-05-16 13:01:33,340 INFO o.a.j.t.JMeterThread: Thread finished: Thread Group 1-24
2024-05-16 13:01:33,377 INFO o.a.j.t.JMeterThread: Thread started: Thread Group 1-25
2024-05-16 13:01:33,377 INFO o.a.j.t.JMeterThread: Thread is done: Thread Group 1-25
2024-05-16 13:01:33,377 INFO o.a.j.t.JMeterThread: Thread finished: Thread Group 1-25
2024-05-16 13:01:33,377 INFO o.a.j.e.StandardJMeterEngine: Notifying test listeners of end of test
2024-05-16 13:01:33,377 INFO o.a.j.g.u.JMeterMenuBar: setRunning(false, *local*)
2024-05-16 13:02:02,663 INFO o.a.j.e.StandardJMeterEngine: Running the test!
2024-05-16 13:02:02,663 INFO o.a.j.s.SampleEvent: List of sample_variables: []
2024-05-16 13:02:02,664 INFO o.a.j.g.u.JMeterMenuBar: setRunning(true, *local*)
2024-05-16 13:02:02,769 INFO o.a.j.e.StandardJMeterEngine: Starting ThreadGroup: 1 : Thread Group
2024-05-16 13:02:02,769 INFO o.a.j.e.StandardJMeterEngine: Starting 25 threads for group Thread Group.
2024-05-16 13:02:02,769 INFO o.a.j.e.StandardJMeterEngine: Thread will continue on error
2024-05-16 13:02:02,769 INFO o.a.j.t.ThreadGroup: Starting thread group... number=1 threads=25 ramp-up=1 delayedStart=false
2024-05-16 13:02:02,773 INFO o.a.j.t.JMeterThread: Thread started: Thread Group 1-1
2024-05-16 13:02:02,773 INFO o.a.j.t.JMeterThread: Thread is done: Thread Group 1-1
2024-05-16 13:02:02,773 INFO o.a.j.t.JMeterThread: Thread finished: Thread Group 1-1
2024-05-16 13:02:02,789 INFO o.a.j.t.ThreadGroup: Started thread group number 1
2024-05-16 13:02:02,789 INFO o.a.j.e.StandardJMeterEngine: All thread groups have been started
2024-05-16 13:02:02,813 INFO o.a.j.t.JMeterThread: Thread started: Thread Group 1-2
2024-05-16 13:02:02,814 INFO o.a.j.t.JMeterThread: Thread is done: Thread Group 1-2
2024-05-16 13:02:02,814 INFO o.a.j.t.JMeterThread: Thread finished: Thread Group 1-2
2024-05-16 13:02:02,851 INFO o.a.j.t.JMeterThread: Thread started: Thread Group 1-3
2024-05-16 13:02:02,852 INFO o.a.j.t.JMeterThread: Thread is done: Thread Group 1-3
2024-05-16 13:02:02,852 INFO o.a.j.t.JMeterThread: Thread finished: Thread Group 1-3
2024-05-16 13:02:02,893 INFO o.a.j.t.JMeterThread: Thread started: Thread Group 1-4
2024-05-16 13:02:02,894 INFO o.a.j.t.JMeterThread: Thread is done: Thread Group 1-4
2024-05-16 13:02:02,894 INFO o.a.j.t.JMeterThread: Thread finished: Thread Group 1-4
2024-05-16 13:02:02,932 INFO o.a.j.t.JMeterThread: Thread started: Thread Group 1-5
2024-05-16 13:02:02,933 INFO o.a.j.t.JMeterThread: Thread is done: Thread Group 1-5
2024-05-16 13:02:02,933 INFO o.a.j.t.JMeterThread: Thread finished: Thread Group 1-5
2024-05-16 13:02:02,971 INFO o.a.j.t.JMeterThread: Thread started: Thread Group 1-6
2024-05-16 13:02:02,972 INFO o.a.j.t.JMeterThread: Thread is done: Thread Group 1-6
2024-05-16 13:02:02,972 INFO o.a.j.t.JMeterThread: Thread finished: Thread Group 1-6
2024-05-16 13:02:03,012 INFO o.a.j.t.JMeterThread: Thread started: Thread Group 1-7
2024-05-16 13:02:03,013 INFO o.a.j.t.JMeterThread: Thread is done: Thread Group 1-7
2024-05-16 13:02:03,013 INFO o.a.j.t.JMeterThread: Thread finished: Thread Group 1-7
2024-05-16 13:02:03,051 INFO o.a.j.t.JMeterThread: Thread started: Thread Group 1-8
2024-05-16 13:02:03,052 INFO o.a.j.t.JMeterThread: Thread is done: Thread Group 1-8
2024-05-16 13:02:03,052 INFO o.a.j.t.JMeterThread: Thread finished: Thread Group 1-8
2024-05-16 13:02:03,093 INFO o.a.j.t.JMeterThread: Thread started: Thread Group 1-9
2024-05-16 13:02:03,093 INFO o.a.j.t.JMeterThread: Thread is done: Thread Group 1-9
2024-05-16 13:02:03,093 INFO o.a.j.t.JMeterThread: Thread finished: Thread Group 1-9
2024-05-16 13:02:03,132 INFO o.a.j.t.JMeterThread: Thread started: Thread Group 1-10
2024-05-16 13:02:03,132 INFO o.a.j.t.JMeterThread: Thread is done: Thread Group 1-10
2024-05-16 13:02:03,132 INFO o.a.j.t.JMeterThread: Thread finished: Thread Group 1-10
2024-05-16 13:02:03,172 INFO o.a.j.t.JMeterThread: Thread started: Thread Group 1-11
2024-05-16 13:02:03,173 INFO o.a.j.t.JMeterThread: Thread is done: Thread Group 1-11
2024-05-16 13:02:03,173 INFO o.a.j.t.JMeterThread: Thread finished: Thread Group 1-11
2024-05-16 13:02:03,213 INFO o.a.j.t.JMeterThread: Thread started: Thread Group 1-12
2024-05-16 13:02:03,213 INFO o.a.j.t.JMeterThread: Thread is done: Thread Group 1-12
2024-05-16 13:02:03,214 INFO o.a.j.t.JMeterThread: Thread finished: Thread Group 1-12
2024-05-16 13:02:03,254 INFO o.a.j.t.JMeterThread: Thread started: Thread Group 1-13
2024-05-16 13:02:03,254 INFO o.a.j.t.JMeterThread: Thread is done: Thread Group 1-13
2024-05-16 13:02:03,255 INFO o.a.j.t.JMeterThread: Thread finished: Thread Group 1-13
2024-05-16 13:02:03,291 INFO o.a.j.t.JMeterThread: Thread started: Thread Group 1-14
2024-05-16 13:02:03,292 INFO o.a.j.t.JMeterThread: Thread is done: Thread Group 1-14
2024-05-16 13:02:03,292 INFO o.a.j.t.JMeterThread: Thread finished: Thread Group 1-14
2024-05-16 13:02:03,334 INFO o.a.j.t.JMeterThread: Thread started: Thread Group 1-15
2024-05-16 13:02:03,334 INFO o.a.j.t.JMeterThread: Thread is done: Thread Group 1-15
2024-05-16 13:02:03,334 INFO o.a.j.t.JMeterThread: Thread finished: Thread Group 1-15
2024-05-16 13:02:03,372 INFO o.a.j.t.JMeterThread: Thread started: Thread Group 1-16
2024-05-16 13:02:03,373 INFO o.a.j.t.JMeterThread: Thread is done: Thread Group 1-16
2024-05-16 13:02:03,373 INFO o.a.j.t.JMeterThread: Thread finished: Thread Group 1-16
2024-05-16 13:02:03,411 INFO o.a.j.t.JMeterThread: Thread started: Thread Group 1-17
2024-05-16 13:02:03,411 INFO o.a.j.t.JMeterThread: Thread is done: Thread Group 1-17
2024-05-16 13:02:03,412 INFO o.a.j.t.JMeterThread: Thread finished: Thread Group 1-17
2024-05-16 13:02:03,450 INFO o.a.j.t.JMeterThread: Thread started: Thread Group 1-18
2024-05-16 13:02:03,450 INFO o.a.j.t.JMeterThread: Thread is done: Thread Group 1-18
2024-05-16 13:02:03,451 INFO o.a.j.t.JMeterThread: Thread finished: Thread Group 1-18
2024-05-16 13:02:03,491 INFO o.a.j.t.JMeterThread: Thread started: Thread Group 1-19
2024-05-16 13:02:03,491 INFO o.a.j.t.JMeterThread: Thread is done: Thread Group 1-19
2024-05-16 13:02:03,491 INFO o.a.j.t.JMeterThread: Thread finished: Thread Group 1-19
2024-05-16 13:02:03,531 INFO o.a.j.t.JMeterThread: Thread started: Thread Group 1-20
2024-05-16 13:02:03,532 INFO o.a.j.t.JMeterThread: Thread is done: Thread Group 1-20
2024-05-16 13:02:03,532 INFO o.a.j.t.JMeterThread: Thread finished: Thread Group 1-20
2024-05-16 13:02:03,570 INFO o.a.j.t.JMeterThread: Thread started: Thread Group 1-21
2024-05-16 13:02:03,570 INFO o.a.j.t.JMeterThread: Thread is done: Thread Group 1-21
2024-05-16 13:02:03,571 INFO o.a.j.t.JMeterThread: Thread finished: Thread Group 1-21
2024-05-16 13:02:03,612 INFO o.a.j.t.JMeterThread: Thread started: Thread Group 1-22
2024-05-16 13:02:03,613 INFO o.a.j.t.JMeterThread: Thread is done: Thread Group 1-22
2024-05-16 13:02:03,613 INFO o.a.j.t.JMeterThread: Thread finished: Thread Group 1-22
2024-05-16 13:02:03,654 INFO o.a.j.t.JMeterThread: Thread started: Thread Group 1-23
2024-05-16 13:02:03,655 INFO o.a.j.t.JMeterThread: Thread is done: Thread Group 1-23
2024-05-16 13:02:03,655 INFO o.a.j.t.JMeterThread: Thread finished: Thread Group 1-23
2024-05-16 13:02:03,691 INFO o.a.j.t.JMeterThread: Thread started: Thread Group 1-24
2024-05-16 13:02:03,691 INFO o.a.j.t.JMeterThread: Thread is done: Thread Group 1-24
2024-05-16 13:02:03,691 INFO o.a.j.t.JMeterThread: Thread finished: Thread Group 1-24
2024-05-16 13:02:03,739 INFO o.a.j.t.JMeterThread: Thread started: Thread Group 1-25
2024-05-16 13:02:03,739 INFO o.a.j.t.JMeterThread: Thread is done: Thread Group 1-25
2024-05-16 13:02:03,739 INFO o.a.j.t.JMeterThread: Thread finished: Thread Group 1-25
2024-05-16 13:02:03,739 INFO o.a.j.e.StandardJMeterEngine: Notifying test listeners of end of test
2024-05-16 13:02:03,739 INFO o.a.j.g.u.JMeterMenuBar: setRunning(false, *local*)
2024-05-16 13:02:18,967 INFO o.a.j.g.a.Load: Loading file: C:\Users\Administrator\Documents\apache-jmeter-5.6.3\bin\WebTour.jmx
2024-05-16 13:02:18,967 INFO o.a.j.s.FileServer: Set new base='C:\Users\Administrator\Documents\apache-jmeter-5.6.3\bin'
2024-05-16 13:02:18,967 INFO o.a.j.s.SaveService: Loading file: C:\Users\Administrator\Documents\apache-jmeter-5.6.3\bin\WebTour.jmx
2024-05-16 13:02:18,972 WARN o.j.r.p.TestPlanAnalyzer: Failed read jmx file
java.io.FileNotFoundException: C:\Users\Administrator\Documents\apache-jmeter-5.6.3\bin\WebTour.jmx (The system cannot find the file specified)
	at java.base/java.io.FileInputStream.open0(Native Method) ~[?:?]
	at java.base/java.io.FileInputStream.open(FileInputStream.java:219) ~[?:?]
	at java.base/java.io.FileInputStream.<init>(FileInputStream.java:158) ~[?:?]
	at org.jmeterplugins.repository.plugins.TestPlanAnalyzer.readBytesFromFile(TestPlanAnalyzer.java:86) ~[jmeter-plugins-manager-1.10.jar:?]
	at org.jmeterplugins.repository.plugins.TestPlanAnalyzer.getNodeListWithClassNames(TestPlanAnalyzer.java:129) ~[jmeter-plugins-manager-1.10.jar:?]
	at org.jmeterplugins.repository.plugins.TestPlanAnalyzer.analyze(TestPlanAnalyzer.java:37) ~[jmeter-plugins-manager-1.10.jar:?]
	at org.jmeterplugins.repository.plugins.PluginSuggester.analyzeTestPlan(PluginSuggester.java:51) ~[jmeter-plugins-manager-1.10.jar:?]
	at org.jmeterplugins.repository.plugins.PluginSuggester.findPluginsToInstall(PluginSuggester.java:44) ~[jmeter-plugins-manager-1.10.jar:?]
	at org.jmeterplugins.repository.plugins.PluginSuggester.checkAndSuggest(PluginSuggester.java:28) ~[jmeter-plugins-manager-1.10.jar:?]
	at org.jmeterplugins.repository.logging.LoggerAppender.append(LoggerAppender.java:33) ~[jmeter-plugins-manager-1.10.jar:?]
	at org.apache.logging.log4j.core.config.AppenderControl.tryCallAppender(AppenderControl.java:160) ~[log4j-core-2.22.1.jar:2.22.1]
	at org.apache.logging.log4j.core.config.AppenderControl.callAppender0(AppenderControl.java:133) ~[log4j-core-2.22.1.jar:2.22.1]
	at org.apache.logging.log4j.core.config.AppenderControl.callAppenderPreventRecursion(AppenderControl.java:124) ~[log4j-core-2.22.1.jar:2.22.1]
	at org.apache.logging.log4j.core.config.AppenderControl.callAppender(AppenderControl.java:88) ~[log4j-core-2.22.1.jar:2.22.1]
	at org.apache.logging.log4j.core.config.LoggerConfig.callAppenders(LoggerConfig.java:705) ~[log4j-core-2.22.1.jar:2.22.1]
	at org.apache.logging.log4j.core.config.LoggerConfig.processLogEvent(LoggerConfig.java:663) ~[log4j-core-2.22.1.jar:2.22.1]
	at org.apache.logging.log4j.core.config.LoggerConfig.log(LoggerConfig.java:639) ~[log4j-core-2.22.1.jar:2.22.1]
	at org.apache.logging.log4j.core.config.LoggerConfig.log(LoggerConfig.java:575) ~[log4j-core-2.22.1.jar:2.22.1]
	at org.apache.logging.log4j.core.config.AwaitCompletionReliabilityStrategy.log(AwaitCompletionReliabilityStrategy.java:92) ~[log4j-core-2.22.1.jar:2.22.1]
	at org.apache.logging.log4j.core.Logger.log(Logger.java:169) ~[log4j-core-2.22.1.jar:2.22.1]
	at org.apache.logging.log4j.spi.AbstractLogger.tryLogMessage(AbstractLogger.java:2933) ~[log4j-api-2.22.1.jar:2.22.1]
	at org.apache.logging.log4j.spi.AbstractLogger.logMessageTrackRecursion(AbstractLogger.java:2886) ~[log4j-api-2.22.1.jar:2.22.1]
	at org.apache.logging.log4j.spi.AbstractLogger.logMessageSafely(AbstractLogger.java:2868) ~[log4j-api-2.22.1.jar:2.22.1]
	at org.apache.logging.log4j.spi.AbstractLogger.logMessage(AbstractLogger.java:2664) ~[log4j-api-2.22.1.jar:2.22.1]
	at org.apache.logging.log4j.spi.AbstractLogger.logIfEnabled(AbstractLogger.java:2429) ~[log4j-api-2.22.1.jar:2.22.1]
	at org.apache.logging.slf4j.Log4jLogger.info(Log4jLogger.java:184) ~[log4j-slf4j-impl-2.22.1.jar:2.22.1]
	at org.apache.jmeter.save.SaveService.loadTree(SaveService.java:425) ~[ApacheJMeter_core.jar:5.6.3]
	at org.apache.jmeter.gui.action.Load.loadProjectFile(Load.java:131) ~[ApacheJMeter_core.jar:5.6.3]
	at org.apache.jmeter.gui.action.Load.loadProjectFile(Load.java:103) ~[ApacheJMeter_core.jar:5.6.3]
	at org.apache.jmeter.gui.action.LoadRecentProject.doActionAfterCheck(LoadRecentProject.java:74) ~[ApacheJMeter_core.jar:5.6.3]
	at org.apache.jmeter.gui.action.AbstractActionWithNoRunningTest.doAction(AbstractActionWithNoRunningTest.java:44) ~[ApacheJMeter_core.jar:5.6.3]
	at org.apache.jmeter.gui.action.ActionRouter.performAction(ActionRouter.java:83) ~[ApacheJMeter_core.jar:5.6.3]
	at org.apache.jmeter.gui.action.ActionRouter.lambda$actionPerformed$0(ActionRouter.java:65) ~[ApacheJMeter_core.jar:5.6.3]
	at java.desktop/java.awt.event.InvocationEvent.dispatch(InvocationEvent.java:318) ~[?:?]
	at java.desktop/java.awt.EventQueue.dispatchEventImpl(EventQueue.java:773) ~[?:?]
	at java.desktop/java.awt.EventQueue$4.run(EventQueue.java:720) ~[?:?]
	at java.desktop/java.awt.EventQueue$4.run(EventQueue.java:714) ~[?:?]
	at java.base/java.security.AccessController.doPrivileged(AccessController.java:399) [?:?]
	at java.base/java.security.ProtectionDomain$JavaSecurityAccessImpl.doIntersectionPrivilege(ProtectionDomain.java:86) [?:?]
	at java.desktop/java.awt.EventQueue.dispatchEvent(EventQueue.java:742) [?:?]
	at java.desktop/java.awt.EventDispatchThread.pumpOneEventForFilters(EventDispatchThread.java:203) [?:?]
	at java.desktop/java.awt.EventDispatchThread.pumpEventsForFilter(EventDispatchThread.java:124) [?:?]
	at java.desktop/java.awt.EventDispatchThread.pumpEventsForHierarchy(EventDispatchThread.java:113) [?:?]
	at java.desktop/java.awt.EventDispatchThread.pumpEvents(EventDispatchThread.java:109) [?:?]
	at java.desktop/java.awt.EventDispatchThread.pumpEvents(EventDispatchThread.java:101) [?:?]
	at java.desktop/java.awt.EventDispatchThread.run(EventDispatchThread.java:90) [?:?]
2024-05-16 13:02:18,987 WARN o.j.r.p.TestPlanAnalyzer: Cannot parse file: C:\Users\Administrator\Documents\apache-jmeter-5.6.3\bin\WebTour.jmx
org.xml.sax.SAXParseException: Premature end of file.
	at org.apache.xerces.parsers.DOMParser.parse(Unknown Source) ~[xercesImpl-2.12.2.jar:?]
	at org.apache.xerces.jaxp.DocumentBuilderImpl.parse(Unknown Source) ~[xercesImpl-2.12.2.jar:?]
	at java.xml/javax.xml.parsers.DocumentBuilder.parse(DocumentBuilder.java:122) ~[?:?]
	at org.jmeterplugins.repository.plugins.TestPlanAnalyzer.getNodeListWithClassNames(TestPlanAnalyzer.java:130) ~[jmeter-plugins-manager-1.10.jar:?]
	at org.jmeterplugins.repository.plugins.TestPlanAnalyzer.analyze(TestPlanAnalyzer.java:37) ~[jmeter-plugins-manager-1.10.jar:?]
	at org.jmeterplugins.repository.plugins.PluginSuggester.analyzeTestPlan(PluginSuggester.java:51) ~[jmeter-plugins-manager-1.10.jar:?]
	at org.jmeterplugins.repository.plugins.PluginSuggester.findPluginsToInstall(PluginSuggester.java:44) ~[jmeter-plugins-manager-1.10.jar:?]
	at org.jmeterplugins.repository.plugins.PluginSuggester.checkAndSuggest(PluginSuggester.java:28) ~[jmeter-plugins-manager-1.10.jar:?]
	at org.jmeterplugins.repository.logging.LoggerAppender.append(LoggerAppender.java:33) ~[jmeter-plugins-manager-1.10.jar:?]
	at org.apache.logging.log4j.core.config.AppenderControl.tryCallAppender(AppenderControl.java:160) ~[log4j-core-2.22.1.jar:2.22.1]
	at org.apache.logging.log4j.core.config.AppenderControl.callAppender0(AppenderControl.java:133) ~[log4j-core-2.22.1.jar:2.22.1]
	at org.apache.logging.log4j.core.config.AppenderControl.callAppenderPreventRecursion(AppenderControl.java:124) ~[log4j-core-2.22.1.jar:2.22.1]
	at org.apache.logging.log4j.core.config.AppenderControl.callAppender(AppenderControl.java:88) ~[log4j-core-2.22.1.jar:2.22.1]
	at org.apache.logging.log4j.core.config.LoggerConfig.callAppenders(LoggerConfig.java:705) ~[log4j-core-2.22.1.jar:2.22.1]
	at org.apache.logging.log4j.core.config.LoggerConfig.processLogEvent(LoggerConfig.java:663) ~[log4j-core-2.22.1.jar:2.22.1]
	at org.apache.logging.log4j.core.config.LoggerConfig.log(LoggerConfig.java:639) ~[log4j-core-2.22.1.jar:2.22.1]
	at org.apache.logging.log4j.core.config.LoggerConfig.log(LoggerConfig.java:575) ~[log4j-core-2.22.1.jar:2.22.1]
	at org.apache.logging.log4j.core.config.AwaitCompletionReliabilityStrategy.log(AwaitCompletionReliabilityStrategy.java:92) ~[log4j-core-2.22.1.jar:2.22.1]
	at org.apache.logging.log4j.core.Logger.log(Logger.java:169) ~[log4j-core-2.22.1.jar:2.22.1]
	at org.apache.logging.log4j.spi.AbstractLogger.tryLogMessage(AbstractLogger.java:2933) ~[log4j-api-2.22.1.jar:2.22.1]
	at org.apache.logging.log4j.spi.AbstractLogger.logMessageTrackRecursion(AbstractLogger.java:2886) ~[log4j-api-2.22.1.jar:2.22.1]
	at org.apache.logging.log4j.spi.AbstractLogger.logMessageSafely(AbstractLogger.java:2868) ~[log4j-api-2.22.1.jar:2.22.1]
	at org.apache.logging.log4j.spi.AbstractLogger.logMessage(AbstractLogger.java:2664) ~[log4j-api-2.22.1.jar:2.22.1]
	at org.apache.logging.log4j.spi.AbstractLogger.logIfEnabled(AbstractLogger.java:2429) ~[log4j-api-2.22.1.jar:2.22.1]
	at org.apache.logging.slf4j.Log4jLogger.info(Log4jLogger.java:184) ~[log4j-slf4j-impl-2.22.1.jar:2.22.1]
	at org.apache.jmeter.save.SaveService.loadTree(SaveService.java:425) ~[ApacheJMeter_core.jar:5.6.3]
	at org.apache.jmeter.gui.action.Load.loadProjectFile(Load.java:131) ~[ApacheJMeter_core.jar:5.6.3]
	at org.apache.jmeter.gui.action.Load.loadProjectFile(Load.java:103) ~[ApacheJMeter_core.jar:5.6.3]
	at org.apache.jmeter.gui.action.LoadRecentProject.doActionAfterCheck(LoadRecentProject.java:74) ~[ApacheJMeter_core.jar:5.6.3]
	at org.apache.jmeter.gui.action.AbstractActionWithNoRunningTest.doAction(AbstractActionWithNoRunningTest.java:44) ~[ApacheJMeter_core.jar:5.6.3]
	at org.apache.jmeter.gui.action.ActionRouter.performAction(ActionRouter.java:83) ~[ApacheJMeter_core.jar:5.6.3]
	at org.apache.jmeter.gui.action.ActionRouter.lambda$actionPerformed$0(ActionRouter.java:65) ~[ApacheJMeter_core.jar:5.6.3]
	at java.desktop/java.awt.event.InvocationEvent.dispatch(InvocationEvent.java:318) ~[?:?]
	at java.desktop/java.awt.EventQueue.dispatchEventImpl(EventQueue.java:773) ~[?:?]
	at java.desktop/java.awt.EventQueue$4.run(EventQueue.java:720) ~[?:?]
	at java.desktop/java.awt.EventQueue$4.run(EventQueue.java:714) ~[?:?]
	at java.base/java.security.AccessController.doPrivileged(AccessController.java:399) [?:?]
	at java.base/java.security.ProtectionDomain$JavaSecurityAccessImpl.doIntersectionPrivilege(ProtectionDomain.java:86) [?:?]
	at java.desktop/java.awt.EventQueue.dispatchEvent(EventQueue.java:742) [?:?]
	at java.desktop/java.awt.EventDispatchThread.pumpOneEventForFilters(EventDispatchThread.java:203) [?:?]
	at java.desktop/java.awt.EventDispatchThread.pumpEventsForFilter(EventDispatchThread.java:124) [?:?]
	at java.desktop/java.awt.EventDispatchThread.pumpEventsForHierarchy(EventDispatchThread.java:113) [?:?]
	at java.desktop/java.awt.EventDispatchThread.pumpEvents(EventDispatchThread.java:109) [?:?]
	at java.desktop/java.awt.EventDispatchThread.pumpEvents(EventDispatchThread.java:101) [?:?]
	at java.desktop/java.awt.EventDispatchThread.run(EventDispatchThread.java:90) [?:?]
2024-05-16 13:02:18,987 WARN o.a.j.g.a.Load: Error reading file. java.io.FileNotFoundException: C:\Users\Administrator\Documents\apache-jmeter-5.6.3\bin\WebTour.jmx (The system cannot find the file specified)
2024-05-16 13:02:18,990 ERROR o.a.j.u.JMeterUtils: C:\Users\Administrator\Documents\apache-jmeter-5.6.3\bin\WebTour.jmx (The system cannot find the file specified)
2024-05-16 13:02:33,995 INFO o.a.j.g.a.Load: Loading file: C:\Users\Administrator\Documents\apache-jmeter-5.6.3\bin\BeanShell Sscripting Part1.jmx
2024-05-16 13:02:33,995 INFO o.a.j.s.FileServer: Set new base='C:\Users\Administrator\Documents\apache-jmeter-5.6.3\bin'
2024-05-16 13:02:33,995 INFO o.a.j.s.SaveService: Loading file: C:\Users\Administrator\Documents\apache-jmeter-5.6.3\bin\BeanShell Sscripting Part1.jmx
2024-05-16 13:02:34,320 INFO o.a.j.r.ClassFinder: Will scan jar C:\Users\Administrator\Documents\apache-jmeter-5.6.3\lib\ext\jmeter-plugins-casutg-2.10.jar with filter ExtendsClassFilter [parents=[interface org.apache.jmeter.visualizers.ResultRenderer], inner=false, contains=null, notContains=null]. Consider exposing JMeter plugins via META-INF/services, and add JMeter-Skip-Class-Scanning=true manifest attribute so JMeter can skip classfile scanning
2024-05-16 13:02:34,320 INFO o.a.j.r.ClassFinder: Will scan jar C:\Users\Administrator\Documents\apache-jmeter-5.6.3\lib\ext\jmeter-plugins-manager-1.10.jar with filter ExtendsClassFilter [parents=[interface org.apache.jmeter.visualizers.ResultRenderer], inner=false, contains=null, notContains=null]. Consider exposing JMeter plugins via META-INF/services, and add JMeter-Skip-Class-Scanning=true manifest attribute so JMeter can skip classfile scanning
2024-05-16 13:02:34,358 INFO o.a.j.r.ClassFinder: Will scan jar C:\Users\Administrator\Documents\apache-jmeter-5.6.3\lib\ext\jmeter-plugins-casutg-2.10.jar with filter ExtendsClassFilter [parents=[interface org.apache.jmeter.visualizers.RequestView], inner=false, contains=null, notContains=null]. Consider exposing JMeter plugins via META-INF/services, and add JMeter-Skip-Class-Scanning=true manifest attribute so JMeter can skip classfile scanning
2024-05-16 13:02:34,358 INFO o.a.j.r.ClassFinder: Will scan jar C:\Users\Administrator\Documents\apache-jmeter-5.6.3\lib\ext\jmeter-plugins-manager-1.10.jar with filter ExtendsClassFilter [parents=[interface org.apache.jmeter.visualizers.RequestView], inner=false, contains=null, notContains=null]. Consider exposing JMeter plugins via META-INF/services, and add JMeter-Skip-Class-Scanning=true manifest attribute so JMeter can skip classfile scanning
2024-05-16 13:02:34,483 INFO o.a.j.r.ClassFinder: Will scan jar C:\Users\Administrator\Documents\apache-jmeter-5.6.3\lib\ext\jmeter-plugins-casutg-2.10.jar with filter ExtendsClassFilter [parents=[interface org.apache.jmeter.visualizers.ResultRenderer], inner=false, contains=null, notContains=null]. Consider exposing JMeter plugins via META-INF/services, and add JMeter-Skip-Class-Scanning=true manifest attribute so JMeter can skip classfile scanning
2024-05-16 13:02:34,483 INFO o.a.j.r.ClassFinder: Will scan jar C:\Users\Administrator\Documents\apache-jmeter-5.6.3\lib\ext\jmeter-plugins-manager-1.10.jar with filter ExtendsClassFilter [parents=[interface org.apache.jmeter.visualizers.ResultRenderer], inner=false, contains=null, notContains=null]. Consider exposing JMeter plugins via META-INF/services, and add JMeter-Skip-Class-Scanning=true manifest attribute so JMeter can skip classfile scanning
2024-05-16 13:02:34,513 INFO o.a.j.r.ClassFinder: Will scan jar C:\Users\Administrator\Documents\apache-jmeter-5.6.3\lib\ext\jmeter-plugins-casutg-2.10.jar with filter ExtendsClassFilter [parents=[interface org.apache.jmeter.visualizers.RequestView], inner=false, contains=null, notContains=null]. Consider exposing JMeter plugins via META-INF/services, and add JMeter-Skip-Class-Scanning=true manifest attribute so JMeter can skip classfile scanning
2024-05-16 13:02:34,513 INFO o.a.j.r.ClassFinder: Will scan jar C:\Users\Administrator\Documents\apache-jmeter-5.6.3\lib\ext\jmeter-plugins-manager-1.10.jar with filter ExtendsClassFilter [parents=[interface org.apache.jmeter.visualizers.RequestView], inner=false, contains=null, notContains=null]. Consider exposing JMeter plugins via META-INF/services, and add JMeter-Skip-Class-Scanning=true manifest attribute so JMeter can skip classfile scanning
2024-05-16 13:02:34,605 INFO o.a.j.r.ClassFinder: Will scan jar C:\Users\Administrator\Documents\apache-jmeter-5.6.3\lib\ext\jmeter-plugins-casutg-2.10.jar with filter ExtendsClassFilter [parents=[interface org.apache.jmeter.visualizers.ResultRenderer], inner=false, contains=null, notContains=null]. Consider exposing JMeter plugins via META-INF/services, and add JMeter-Skip-Class-Scanning=true manifest attribute so JMeter can skip classfile scanning
2024-05-16 13:02:34,605 INFO o.a.j.r.ClassFinder: Will scan jar C:\Users\Administrator\Documents\apache-jmeter-5.6.3\lib\ext\jmeter-plugins-manager-1.10.jar with filter ExtendsClassFilter [parents=[interface org.apache.jmeter.visualizers.ResultRenderer], inner=false, contains=null, notContains=null]. Consider exposing JMeter plugins via META-INF/services, and add JMeter-Skip-Class-Scanning=true manifest attribute so JMeter can skip classfile scanning
2024-05-16 13:02:34,629 INFO o.a.j.r.ClassFinder: Will scan jar C:\Users\Administrator\Documents\apache-jmeter-5.6.3\lib\ext\jmeter-plugins-casutg-2.10.jar with filter ExtendsClassFilter [parents=[interface org.apache.jmeter.visualizers.RequestView], inner=false, contains=null, notContains=null]. Consider exposing JMeter plugins via META-INF/services, and add JMeter-Skip-Class-Scanning=true manifest attribute so JMeter can skip classfile scanning
2024-05-16 13:02:34,629 INFO o.a.j.r.ClassFinder: Will scan jar C:\Users\Administrator\Documents\apache-jmeter-5.6.3\lib\ext\jmeter-plugins-manager-1.10.jar with filter ExtendsClassFilter [parents=[interface org.apache.jmeter.visualizers.RequestView], inner=false, contains=null, notContains=null]. Consider exposing JMeter plugins via META-INF/services, and add JMeter-Skip-Class-Scanning=true manifest attribute so JMeter can skip classfile scanning
2024-05-16 13:02:34,685 INFO o.a.j.s.FileServer: Set new base='C:\Users\Administrator\Documents\apache-jmeter-5.6.3\bin'
2024-05-16 13:02:40,843 INFO o.a.j.e.StandardJMeterEngine: Running the test!
2024-05-16 13:02:40,843 INFO o.a.j.s.SampleEvent: List of sample_variables: []
2024-05-16 13:02:40,847 INFO o.a.j.g.u.JMeterMenuBar: setRunning(true, *local*)
2024-05-16 13:02:40,896 INFO o.a.j.e.StandardJMeterEngine: Starting ThreadGroup: 1 : Thread Group
2024-05-16 13:02:40,896 INFO o.a.j.e.StandardJMeterEngine: Starting 1 threads for group Thread Group.
2024-05-16 13:02:40,896 INFO o.a.j.e.StandardJMeterEngine: Thread will continue on error
2024-05-16 13:02:40,896 INFO o.a.j.t.ThreadGroup: Starting thread group... number=1 threads=1 ramp-up=1 delayedStart=false
2024-05-16 13:02:40,902 INFO o.a.j.t.ThreadGroup: Started thread group number 1
2024-05-16 13:02:40,902 INFO o.a.j.e.StandardJMeterEngine: All thread groups have been started
2024-05-16 13:02:40,902 INFO o.a.j.t.JMeterThread: Thread started: Thread Group 1-1
2024-05-16 13:02:40,907 INFO o.a.j.p.h.s.HTTPHCAbstractImpl: Local host = DCCPL0634
2024-05-16 13:02:40,918 INFO o.a.j.p.h.s.HTTPHC4Impl: HTTP request retry count = 0
2024-05-16 13:02:41,525 INFO o.a.j.t.JMeterThread: Thread is done: Thread Group 1-1
2024-05-16 13:02:41,525 INFO o.a.j.t.JMeterThread: Thread finished: Thread Group 1-1
2024-05-16 13:02:41,528 INFO o.a.j.e.StandardJMeterEngine: Notifying test listeners of end of test
2024-05-16 13:02:41,529 INFO o.a.j.g.u.JMeterMenuBar: setRunning(false, *local*)
2024-05-16 13:02:52,744 INFO o.a.j.e.StandardJMeterEngine: Running the test!
2024-05-16 13:02:52,744 INFO o.a.j.s.SampleEvent: List of sample_variables: []
2024-05-16 13:02:52,744 INFO o.a.j.g.u.JMeterMenuBar: setRunning(true, *local*)
2024-05-16 13:02:52,750 INFO o.a.j.e.StandardJMeterEngine: Starting ThreadGroup: 1 : Thread Group
2024-05-16 13:02:52,750 INFO o.a.j.e.StandardJMeterEngine: Starting 1 threads for group Thread Group.
2024-05-16 13:02:52,750 INFO o.a.j.e.StandardJMeterEngine: Thread will continue on error
2024-05-16 13:02:52,750 INFO o.a.j.t.ThreadGroup: Starting thread group... number=1 threads=1 ramp-up=1 delayedStart=false
2024-05-16 13:02:52,759 INFO o.a.j.t.ThreadGroup: Started thread group number 1
2024-05-16 13:02:52,759 INFO o.a.j.e.StandardJMeterEngine: All thread groups have been started
2024-05-16 13:02:52,759 INFO o.a.j.t.JMeterThread: Thread started: Thread Group 1-1
2024-05-16 13:02:53,183 INFO o.a.j.t.JMeterThread: Thread is done: Thread Group 1-1
2024-05-16 13:02:53,183 INFO o.a.j.t.JMeterThread: Thread finished: Thread Group 1-1
2024-05-16 13:02:53,184 INFO o.a.j.e.StandardJMeterEngine: Notifying test listeners of end of test
2024-05-16 13:02:53,184 INFO o.a.j.g.u.JMeterMenuBar: setRunning(false, *local*)
